Build started 10/20/2016 1:03:55 AM.
     1>Project "C:\Users\Cam\Desktop\ClassCode\Computer Graphics Stuff\Computer Graphics\HW3\003-Rasterization.vcxproj" on node 2 (Build target(s)).
     1>ClCompile:
         C:\Program Files (x86)\Microsoft Visual Studio 12.0\VC\bin\x86_amd64\CL.exe /c /Iext\stb /Iext\glew\include /Iext\glfw\include /Zi /nologo /W3 /WX- /sdl /Od /D _MBCS /D _MBCS /D _CRT_SECURE_NO_WARNINGS /Gm /EHsc /RTC1 /MDd /GS /fp:precise /Zc:wchar_t /Zc:forScope /Fo"x64\Debug\\" /Fd"x64\Debug\vc120.pdb" /Gd /TP /errorReport:prompt main.cpp
         main.cpp
     1>main.cpp(290): warning C4244: 'initializing' : conversion from 'int' to 'float', possible loss of data
     1>main.cpp(291): warning C4244: 'initializing' : conversion from 'double' to 'float', possible loss of data
     1>main.cpp(295): warning C4244: 'argument' : conversion from 'float' to 'int', possible loss of data
     1>main.cpp(300): warning C4244: '+=' : conversion from 'double' to 'float', possible loss of data
     1>main.cpp(306): warning C4244: '+=' : conversion from 'double' to 'float', possible loss of data
     1>main.cpp(311): warning C4244: 'argument' : conversion from 'float' to 'int', possible loss of data
     1>main.cpp(314): warning C4244: 'initializing' : conversion from 'int' to 'float', possible loss of data
     1>main.cpp(316): warning C4244: '=' : conversion from 'double' to 'float', possible loss of data
     1>main.cpp(320): warning C4244: 'argument' : conversion from 'float' to 'int', possible loss of data
     1>main.cpp(325): warning C4244: '+=' : conversion from 'double' to 'float', possible loss of data
     1>main.cpp(330): warning C4244: '+=' : conversion from 'double' to 'float', possible loss of data
     1>main.cpp(335): warning C4244: 'argument' : conversion from 'float' to 'int', possible loss of data
       Link:
         C:\Program Files (x86)\Microsoft Visual Studio 12.0\VC\bin\x86_amd64\link.exe /ERRORREPORT:PROMPT /OUT:"C:\Users\Cam\Desktop\ClassCode\Computer Graphics Stuff\Computer Graphics\HW3\x64\Debug\003-Rasterization.exe" /INCREMENTAL /NOLOGO /LIBPATH:ext\glfw\lib\release /LIBPATH:ext\glew\lib glew32.lib glfw3.lib opengl32.lib glu32.lib kernel32.lib user32.lib gdi32.lib winspool.lib comdlg32.lib advapi32.lib shell32.lib ole32.lib oleaut32.lib uuid.lib odbc32.lib odbccp32.lib /MANIFEST /MANIFESTUAC:"level='asInvoker' uiAccess='false'" /manifest:embed /DEBUG /PDB:"C:\Users\Cam\Desktop\ClassCode\Computer Graphics Stuff\Computer Graphics\HW3\x64\Debug\003-Rasterization.pdb" /TLBID:1 /DYNAMICBASE /NXCOMPAT /IMPLIB:"C:\Users\Cam\Desktop\ClassCode\Computer Graphics Stuff\Computer Graphics\HW3\x64\Debug\003-Rasterization.lib" /MACHINE:X64 x64\Debug\main.obj
         003-Rasterization.vcxproj -> C:\Users\Cam\Desktop\ClassCode\Computer Graphics Stuff\Computer Graphics\HW3\x64\Debug\003-Rasterization.exe
     1>Done Building Project "C:\Users\Cam\Desktop\ClassCode\Computer Graphics Stuff\Computer Graphics\HW3\003-Rasterization.vcxproj" (Build target(s)).

Build succeeded.

Time Elapsed 00:00:00.92
